2022-07-02 14:31:24 INFO :******************* analytical config *******************
2022-07-02 14:31:24 INFO : driver: selenium
2022-07-02 14:31:24 INFO : reStart: True
2022-07-02 14:31:24 INFO : saveScreenshot: False
2022-07-02 14:31:24 INFO : timeOut: 5
2022-07-02 14:31:24 INFO : desiredCapabilities: {'browser': 'chrome', 'maxWindow': True, 'chrome': {'driver': 'Resource/chromedriver', 'options': ['--dissble-gpu']}}
2022-07-02 14:31:24 INFO : testcase: ['TestCase/action']
2022-07-02 14:31:24 INFO :******************* analytical testcase *******************
2022-07-02 14:31:24 INFO : case: 3
2022-07-02 14:31:24 INFO : ./TestCase/action/search_action01.yaml
2022-07-02 14:31:24 INFO : ./TestCase/action/search_action02.yaml
2022-07-02 14:31:24 INFO : ./TestCase/action/search_action03.yaml
2022-07-02 14:31:24 INFO :******************* analytical common *******************
2022-07-02 14:31:24 INFO : CommonTest: {'description': '公共方法', 'input': [], 'output': [], 'steps': ["openUrl('https://www.invisalign.com.cn/find-a-doctor')", 'sleep(3)']}
2022-07-02 14:31:24 INFO :******************* register variable *******************
2022-07-02 14:31:24 INFO : keywords: 西单
2022-07-02 14:31:24 INFO :******************* register resource *******************
2022-07-02 14:31:24 INFO :******************* register keywords *******************
2022-07-02 14:31:24 INFO : ScriptsTest
2022-07-02 14:31:24 INFO :******************* analytical desired capabilities *******************
2022-07-02 14:31:24 INFO :******************* TestCase 搜索case-1 Start *******************
2022-07-02 14:31:27 INFO : call CommonTest()
2022-07-02 14:31:27 INFO : --> key: call
2022-07-02 14:31:27 INFO : --> value: []
2022-07-02 14:31:27 INFO : openUrl('https://www.invisalign.com.cn/find-a-doctor')
2022-07-02 14:31:27 INFO : --> key: openUrl
2022-07-02 14:31:27 INFO : --> value: ['https://www.invisalign.com.cn/find-a-doctor']
2022-07-02 14:31:34 INFO : sleep(3)
2022-07-02 14:31:34 INFO : --> key: sleep
2022-07-02 14:31:34 INFO : --> value: [3]
2022-07-02 14:31:37 INFO : check('id=amap-city-input')
2022-07-02 14:31:37 INFO : --> key: check
2022-07-02 14:31:37 INFO : --> value: ['id=amap-city-input']
2022-07-02 14:31:37 INFO : click('id=amap-city-input')
2022-07-02 14:31:37 INFO : --> key: click
2022-07-02 14:31:37 INFO : --> value: ['id=amap-city-input']
2022-07-02 14:31:38 INFO : sendKeys('name=location', ${keywords})
2022-07-02 14:31:38 INFO : --> key: sendKeys
2022-07-02 14:31:38 INFO : --> value: ['name=location', '西单']
2022-07-02 14:31:39 INFO : ${element_id} = $.getElement('id=amap-sug0')
2022-07-02 14:31:39 INFO : --> key: variable
2022-07-02 14:31:39 INFO : --> value: ['id=amap-sug0']
2022-07-02 14:31:41 ERROR : case: ./TestCase/action/search_action01.yaml
2022-07-02 14:31:41 ERROR :Traceback (most recent call last):
  File "/Library/Frameworks/Python.framework/Versions/3.10/lib/python3.10/site-packages/fasttest-1.0.1-py3.10.egg/fasttest/runner/run_case.py", line 21, in testCase
    case.iteration(self.steps)
  File "/Library/Frameworks/Python.framework/Versions/3.10/lib/python3.10/site-packages/fasttest-1.0.1-py3.10.egg/fasttest/runner/case_analysis.py", line 29, in iteration
    self.case_executor(step, style, common, iterating_var)
  File "/Library/Frameworks/Python.framework/Versions/3.10/lib/python3.10/site-packages/fasttest-1.0.1-py3.10.egg/fasttest/runner/case_analysis.py", line 111, in case_executor
    result = self.action_nalysis.action_analysis(step, style, common, iterating_var)
  File "/Library/Frameworks/Python.framework/Versions/3.10/lib/python3.10/site-packages/fasttest-1.0.1-py3.10.egg/fasttest/runner/action_analysis.py", line 301, in action_analysis
    result = self.executor_keywords(action_dict, style)
  File "/Library/Frameworks/Python.framework/Versions/3.10/lib/python3.10/site-packages/fasttest-1.0.1-py3.10.egg/fasttest/common/decorator.py", line 116, in wrapper
    raise exception
  File "/Library/Frameworks/Python.framework/Versions/3.10/lib/python3.10/site-packages/fasttest-1.0.1-py3.10.egg/fasttest/common/decorator.py", line 70, in wrapper
    result = func(*args, **kwds)
  File "/Library/Frameworks/Python.framework/Versions/3.10/lib/python3.10/site-packages/fasttest-1.0.1-py3.10.egg/fasttest/runner/action_analysis.py", line 279, in executor_keywords
    raise e
  File "/Library/Frameworks/Python.framework/Versions/3.10/lib/python3.10/site-packages/fasttest-1.0.1-py3.10.egg/fasttest/runner/action_analysis.py", line 268, in executor_keywords
    result = self.action_executor._action_executor(action)
  File "/Library/Frameworks/Python.framework/Versions/3.10/lib/python3.10/site-packages/fasttest-1.0.1-py3.10.egg/fasttest/runner/action_executor_base.py", line 245, in _action_executor
    result = func(action)
  File "/Library/Frameworks/Python.framework/Versions/3.10/lib/python3.10/site-packages/fasttest-1.0.1-py3.10.egg/fasttest/runner/action_executor_base.py", line 230, in _variable
    raise e
  File "/Library/Frameworks/Python.framework/Versions/3.10/lib/python3.10/site-packages/fasttest-1.0.1-py3.10.egg/fasttest/runner/action_executor_base.py", line 222, in _variable
    result = func_(action)
  File "/Library/Frameworks/Python.framework/Versions/3.10/lib/python3.10/site-packages/fasttest-1.0.1-py3.10.egg/fasttest/runner/action_executor_web.py", line 542, in _getElement
    element = DriverBaseWeb.get_element(key, value, Var.time_out)
  File "/Library/Frameworks/Python.framework/Versions/3.10/lib/python3.10/site-packages/fasttest-1.0.1-py3.10.egg/fasttest/drivers/driver_base_web.py", line 642, in get_element
    raise e
  File "/Library/Frameworks/Python.framework/Versions/3.10/lib/python3.10/site-packages/fasttest-1.0.1-py3.10.egg/fasttest/drivers/driver_base_web.py", line 630, in get_element
    if element.is_enabled():
  File "/Library/Frameworks/Python.framework/Versions/3.10/lib/python3.10/site-packages/selenium/webdriver/remote/webelement.py", line 169, in is_enabled
    return self._execute(Command.IS_ELEMENT_ENABLED)['value']
  File "/Library/Frameworks/Python.framework/Versions/3.10/lib/python3.10/site-packages/selenium/webdriver/remote/webelement.py", line 740, in _execute
    return self._parent.execute(command, params)
  File "/Library/Frameworks/Python.framework/Versions/3.10/lib/python3.10/site-packages/selenium/webdriver/remote/webdriver.py", line 430, in execute
    self.error_handler.check_response(response)
  File "/Library/Frameworks/Python.framework/Versions/3.10/lib/python3.10/site-packages/selenium/webdriver/remote/errorhandler.py", line 247, in check_response
    raise exception_class(message, screen, stacktrace)
selenium.common.exceptions.StaleElementReferenceException: Message: stale element reference: element is not attached to the page document
  (Session info: chrome=103.0.5060.53)
Stacktrace:
0   chromedriver                        0x0000000102ae8079 chromedriver + 4444281
1   chromedriver                        0x0000000102a74403 chromedriver + 3970051
2   chromedriver                        0x000000010270f038 chromedriver + 409656
3   chromedriver                        0x0000000102711ee7 chromedriver + 421607
4   chromedriver                        0x0000000102711d86 chromedriver + 421254
5   chromedriver                        0x000000010271204c chromedriver + 421964
6   chromedriver                        0x00000001027404c5 chromedriver + 611525
7   chromedriver                        0x0000000102762792 chromedriver + 751506
8   chromedriver                        0x0000000102739f65 chromedriver + 585573
9   chromedriver                        0x000000010276289e chromedriver + 751774
10  chromedriver                        0x0000000102775221 chromedriver + 827937
11  chromedriver                        0x0000000102762683 chromedriver + 751235
12  chromedriver                        0x0000000102738a45 chromedriver + 580165
13  chromedriver                        0x0000000102739a95 chromedriver + 584341
14  chromedriver                        0x0000000102ab955d chromedriver + 4253021
15  chromedriver                        0x0000000102abe3a1 chromedriver + 4273057
16  chromedriver                        0x0000000102ac316f chromedriver + 4292975
17  chromedriver                        0x0000000102abedea chromedriver + 4275690
18  chromedriver                        0x0000000102a9854f chromedriver + 4117839
19  chromedriver                        0x0000000102ad8ed8 chromedriver + 4382424
20  chromedriver                        0x0000000102ad905f chromedriver + 4382815
21  chromedriver                        0x0000000102aef8d5 chromedriver + 4475093
22  libsystem_pthread.dylib             0x00007fff204268fc _pthread_start + 224
23  libsystem_pthread.dylib             0x00007fff20422443 thread_start + 15


2022-07-02 14:31:41 INFO :******************* Total: 1, Success: 0, Failed: 0, Error: 1, Skipped: 0 ********************

2022-07-02 14:31:41 INFO :******************* TestCase 搜索case-2 Start *******************
2022-07-02 14:31:44 INFO : call CommonTest()
2022-07-02 14:31:44 INFO : --> key: call
2022-07-02 14:31:44 INFO : --> value: []
2022-07-02 14:31:44 INFO : openUrl('https://www.invisalign.com.cn/find-a-doctor')
2022-07-02 14:31:44 INFO : --> key: openUrl
2022-07-02 14:31:44 INFO : --> value: ['https://www.invisalign.com.cn/find-a-doctor']
2022-07-02 14:31:50 INFO : sleep(3)
2022-07-02 14:31:50 INFO : --> key: sleep
2022-07-02 14:31:50 INFO : --> value: [3]
2022-07-02 14:31:53 INFO : check('id=amap-city-input')
2022-07-02 14:31:53 INFO : --> key: check
2022-07-02 14:31:53 INFO : --> value: ['id=amap-city-input']
2022-07-02 14:31:53 INFO : click('id=amap-city-input')
2022-07-02 14:31:53 INFO : --> key: click
2022-07-02 14:31:53 INFO : --> value: ['id=amap-city-input']
2022-07-02 14:31:53 INFO : sendKeys('name=location', ${keywords})
2022-07-02 14:31:54 INFO : --> key: sendKeys
2022-07-02 14:31:54 INFO : --> value: ['name=location', '西单']
2022-07-02 14:31:55 INFO : click('class=dl-white')
2022-07-02 14:31:55 INFO : --> key: click
2022-07-02 14:31:55 INFO : --> value: ['class=dl-white']
2022-07-02 14:31:56 INFO : ${element_name} = $.getElement('name=practicename')
2022-07-02 14:31:56 INFO : --> key: variable
2022-07-02 14:31:56 INFO : --> value: ['name=practicename']
2022-07-02 14:31:56 INFO : <-- element_name: <class 'selenium.webdriver.remote.webelement.WebElement'> <selenium.webdriver.remote.webelement.WebElement (session="c4787fec9ad0cfef6e903472c857d42e", element="0dd25ed1-1908-4583-b0f5-96d507e45db0")>
2022-07-02 14:31:56 INFO : ${attribute} = $.getAttribute(${element_name}, 'placeholder')
2022-07-02 14:31:56 INFO : --> key: variable
2022-07-02 14:31:56 INFO : --> value: [<selenium.webdriver.remote.webelement.WebElement (session="c4787fec9ad0cfef6e903472c857d42e", element="0dd25ed1-1908-4583-b0f5-96d507e45db0")>, 'placeholder']
2022-07-02 14:31:56 INFO : <-- attribute: <class 'str'> 诊所
2022-07-02 14:31:56 INFO : assert '诊所' == ${attribute}
2022-07-02 14:31:56 INFO : --> key: assert
2022-07-02 14:31:56 INFO : --> value: ['\'诊所\' == "诊所"']
2022-07-02 14:31:56 INFO : <-- True
2022-07-02 14:31:56 INFO : ${element_name} = $.getElement('name=radius')
2022-07-02 14:31:56 INFO : --> key: variable
2022-07-02 14:31:56 INFO : --> value: ['name=radius']
2022-07-02 14:31:56 INFO : <-- element_name: <class 'selenium.webdriver.remote.webelement.WebElement'> <selenium.webdriver.remote.webelement.WebElement (session="c4787fec9ad0cfef6e903472c857d42e", element="afd37e93-5d83-42d1-b7cd-ce6cb0ca7c89")>
2022-07-02 14:31:56 INFO : ${attribute} = $.getAttribute(${element_name}, 'value')
2022-07-02 14:31:56 INFO : --> key: variable
2022-07-02 14:31:56 INFO : --> value: [<selenium.webdriver.remote.webelement.WebElement (session="c4787fec9ad0cfef6e903472c857d42e", element="afd37e93-5d83-42d1-b7cd-ce6cb0ca7c89")>, 'value']
2022-07-02 14:31:56 INFO : <-- attribute: <class 'str'> 10
2022-07-02 14:31:56 INFO : assert '10' in ${attribute}
2022-07-02 14:31:56 INFO : --> key: assert
2022-07-02 14:31:56 INFO : --> value: ['\'10\' in "10"']
2022-07-02 14:31:56 INFO : <-- True
2022-07-02 14:31:56 INFO : sendKeys('name=practicename', '儿童')
2022-07-02 14:31:56 INFO : --> key: sendKeys
2022-07-02 14:31:56 INFO : --> value: ['name=practicename', '儿童']
2022-07-02 14:31:56 INFO : ${element_name} = $.getElement('name=radius')
2022-07-02 14:31:56 INFO : --> key: variable
2022-07-02 14:31:56 INFO : --> value: ['name=radius']
2022-07-02 14:31:56 INFO : <-- element_name: <class 'selenium.webdriver.remote.webelement.WebElement'> <selenium.webdriver.remote.webelement.WebElement (session="c4787fec9ad0cfef6e903472c857d42e", element="afd37e93-5d83-42d1-b7cd-ce6cb0ca7c89")>
2022-07-02 14:31:56 INFO : ${tag} = $.getTagName(${element_name})
2022-07-02 14:31:56 INFO : --> key: variable
2022-07-02 14:31:56 INFO : --> value: [<selenium.webdriver.remote.webelement.WebElement (session="c4787fec9ad0cfef6e903472c857d42e", element="afd37e93-5d83-42d1-b7cd-ce6cb0ca7c89")>]
2022-07-02 14:31:56 INFO : <-- tag: <class 'str'> select
2022-07-02 14:31:56 INFO : click('xpath=//*[@id="__next"]/div[2]/div/div/div/div[1]/div/div/div[2]/div/div/div/div[2]/div/div/div[3]/div/label/span')
2022-07-02 14:31:56 INFO : --> key: click
2022-07-02 14:31:56 INFO : --> value: ['xpath=//*[@id="__next"]/div[2]/div/div/div/div[1]/div/div/div[2]/div/div/div/div[2]/div/div/div[3]/div/label/span']
2022-07-02 14:31:57 INFO : click('xpath=//*[@id="__next"]/div[2]/div/div/div/div[1]/div/div/div[2]/div/div/div/p/a')
2022-07-02 14:31:57 INFO : --> key: click
2022-07-02 14:31:57 INFO : --> value: ['xpath=//*[@id="__next"]/div[2]/div/div/div/div[1]/div/div/div[2]/div/div/div/p/a']
2022-07-02 14:31:57 INFO : sleep(3)
2022-07-02 14:31:57 INFO : --> key: sleep
2022-07-02 14:31:57 INFO : --> value: [3]
2022-07-02 14:32:00 INFO : ${element_class} = $.getElement('class=col-8')
2022-07-02 14:32:00 INFO : --> key: variable
2022-07-02 14:32:00 INFO : --> value: ['class=col-8']
2022-07-02 14:32:02 INFO : <-- element_class: <class 'selenium.webdriver.remote.webelement.WebElement'> <selenium.webdriver.remote.webelement.WebElement (session="c4787fec9ad0cfef6e903472c857d42e", element="33f0b91d-22d9-4319-a5ff-684a24a264f1")>
2022-07-02 14:32:02 INFO : ${text} = $.getText(${element_class})
2022-07-02 14:32:02 INFO : --> key: variable
2022-07-02 14:32:02 INFO : --> value: [<selenium.webdriver.remote.webelement.WebElement (session="c4787fec9ad0cfef6e903472c857d42e", element="33f0b91d-22d9-4319-a5ff-684a24a264f1")>]
2022-07-02 14:32:02 INFO : <-- text: <class 'str'> 首都医科大学附属北京儿童医院
2022-07-02 14:32:02 INFO : assert '首都医科大学附属北京儿童医院' == ${text}
2022-07-02 14:32:02 INFO : --> key: assert
2022-07-02 14:32:02 INFO : --> value: ['\'首都医科大学附属北京儿童医院\' == "首都医科大学附属北京儿童医院"']
2022-07-02 14:32:02 INFO : <-- True
2022-07-02 14:32:02 INFO : back()
2022-07-02 14:32:02 INFO : --> key: back
2022-07-02 14:32:02 INFO : --> value: []
2022-07-02 14:32:02 INFO : ${title} = $.getCurrentUrl()
2022-07-02 14:32:02 INFO : --> key: variable
2022-07-02 14:32:02 INFO : --> value: []
2022-07-02 14:32:02 INFO : <-- title: <class 'str'> https://www.invisalign.com.cn/find-a-doctor
2022-07-02 14:32:02 INFO : assert 'https://www.invisalign.com.cn/find-a-doctor' == ${title}
2022-07-02 14:32:02 INFO : --> key: assert
2022-07-02 14:32:02 INFO : --> value: ['\'https://www.invisalign.com.cn/find-a-doctor\' == "https://www.invisalign.com.cn/find-a-doctor"']
2022-07-02 14:32:02 INFO : <-- True
2022-07-02 14:32:02 INFO :******************* Total: 2, Success: 1, Failed: 0, Error: 1, Skipped: 0 ********************

2022-07-02 14:32:02 INFO :******************* TestCase 搜索case-3 Start *******************
2022-07-02 14:32:05 INFO : call CommonTest()
2022-07-02 14:32:05 INFO : --> key: call
2022-07-02 14:32:05 INFO : --> value: []
2022-07-02 14:32:05 INFO : openUrl('https://www.invisalign.com.cn/find-a-doctor')
2022-07-02 14:32:05 INFO : --> key: openUrl
2022-07-02 14:32:05 INFO : --> value: ['https://www.invisalign.com.cn/find-a-doctor']
2022-07-02 14:32:11 INFO : sleep(3)
2022-07-02 14:32:11 INFO : --> key: sleep
2022-07-02 14:32:11 INFO : --> value: [3]
2022-07-02 14:32:14 INFO : click('xpath=//*[@id="__next"]/div[2]/div/div/div/div[1]/div/div/div[2]/div/div/div/p/a')
2022-07-02 14:32:14 INFO : --> key: click
2022-07-02 14:32:14 INFO : --> value: ['xpath=//*[@id="__next"]/div[2]/div/div/div/div[1]/div/div/div[2]/div/div/div/p/a']
2022-07-02 14:32:15 INFO : ${element_class} = $.getElement('class=dl-error-msg')
2022-07-02 14:32:15 INFO : --> key: variable
2022-07-02 14:32:15 INFO : --> value: ['class=dl-error-msg']
2022-07-02 14:32:15 INFO : <-- element_class: <class 'selenium.webdriver.remote.webelement.WebElement'> <selenium.webdriver.remote.webelement.WebElement (session="f80baf47d8aa610114ee2e70cdfe3db8", element="75382b3c-61ad-42eb-ae48-ae29e810b728")>
2022-07-02 14:32:15 INFO : ${text} = $.getText(${element_class})
2022-07-02 14:32:15 INFO : --> key: variable
2022-07-02 14:32:15 INFO : --> value: [<selenium.webdriver.remote.webelement.WebElement (session="f80baf47d8aa610114ee2e70cdfe3db8", element="75382b3c-61ad-42eb-ae48-ae29e810b728")>]
2022-07-02 14:32:15 INFO : <-- text: <class 'str'> 请输入地址或提供者/诊所名称。
2022-07-02 14:32:15 INFO : assert '请输入地址或提供者/诊所名称。' == ${text}
2022-07-02 14:32:15 INFO : --> key: assert
2022-07-02 14:32:15 INFO : --> value: ['\'请输入地址或提供者/诊所名称。\' == "请输入地址或提供者/诊所名称。"']
2022-07-02 14:32:15 INFO : <-- True
2022-07-02 14:32:15 INFO :******************* Total: 3, Success: 2, Failed: 0, Error: 1, Skipped: 0 ********************

2022-07-02 14:32:15 INFO : Error case:
2022-07-02 14:32:15 ERROR :./TestCase/action/search_action01.yaml
